Release 14.7 - xst P.20131013 (lin64)
Copyright (c) 1995-2013 Xilinx, Inc.  All rights reserved.
--> 
Parameter TMPDIR set to xst/projnav.tmp


Total REAL time to Xst completion: 0.00 secs
Total CPU time to Xst completion: 0.03 secs
 
--> 
Parameter xsthdpdir set to xst


Total REAL time to Xst completion: 0.00 secs
Total CPU time to Xst completion: 0.03 secs
 
--> 
Reading design: trapplyse.prj

TABLE OF CONTENTS
  1) Synthesis Options Summary
  2) HDL Compilation
  3) Design Hierarchy Analysis
  4) HDL Analysis
  5) HDL Synthesis
     5.1) HDL Synthesis Report
  6) Advanced HDL Synthesis
     6.1) Advanced HDL Synthesis Report
  7) Low Level Synthesis
  8) Partition Report
  9) Final Report

=========================================================================
*                      Synthesis Options Summary                        *
=========================================================================
---- Source Parameters
Input File Name                    : "trapplyse.prj"
Input Format                       : mixed
Ignore Synthesis Constraint File   : NO

---- Target Parameters
Output File Name                   : "trapplyse"
Output Format                      : NGC
Target Device                      : XC9500 CPLDs

---- Source Options
Top Module Name                    : trapplyse
Automatic FSM Extraction           : YES
FSM Encoding Algorithm             : Auto
Safe Implementation                : No
Mux Extraction                     : Yes
Resource Sharing                   : YES

---- Target Options
Add IO Buffers                     : YES
MACRO Preserve                     : YES
XOR Preserve                       : YES
Equivalent register Removal        : YES

---- General Options
Optimization Goal                  : Speed
Optimization Effort                : 1
Keep Hierarchy                     : Yes
Netlist Hierarchy                  : As_Optimized
RTL Output                         : Yes
Hierarchy Separator                : /
Bus Delimiter                      : <>
Case Specifier                     : Maintain
Verilog 2001                       : YES

---- Other Options
wysiwyg                            : NO

=========================================================================


=========================================================================
*                          HDL Compilation                              *
=========================================================================
Compiling vhdl file "/home/chrwa634/TSEA22/Lab3/Lab3_5/trapplyse.vhd" in Library work.
Entity <trapplyse> compiled.
Entity <trapplyse> (Architecture <behav>) compiled.

=========================================================================
*                     Design Hierarchy Analysis                         *
=========================================================================
Analyzing hierarchy for entity <trapplyse> in library <work> (architecture <behav>).


=========================================================================
*                            HDL Analysis                               *
=========================================================================
Analyzing Entity <trapplyse> in library <work> (Architecture <behav>).
WARNING:Xst:819 - "/home/chrwa634/TSEA22/Lab3/Lab3_5/trapplyse.vhd" line 19: One or more signals are missing in the process sensitivity list. To enable synthesis of FPGA/CPLD hardware, XST will assume that all necessary signals are present in the sensitivity list. Please note that the result of the synthesis may differ from the initial design specification. The missing signals are:
   <x1>, <x1_last>, <x0>, <x0_last>, <ce>, <rco>
Entity <trapplyse> analyzed. Unit <trapplyse> generated.


=========================================================================
*                           HDL Synthesis                               *
=========================================================================

Performing bidirectional port resolution...

Synthesizing Unit <trapplyse>.
    Related source file is "/home/chrwa634/TSEA22/Lab3/Lab3_5/trapplyse.vhd".
WARNING:Xst:737 - Found 1-bit latch for signal <ce>. Latches may be generated from incomplete case or if statements. We do not recommend the use of latches in FPGA/CPLD designs, as they may lead to timing problems.
    Found 1-bit xor2 for signal <ce$xor0000> created at line 21.
    Found 1-bit xor2 for signal <ce$xor0001> created at line 21.
    Found 1-bit register for signal <clr>.
    Found 4-bit down counter for signal <counter>.
    Found 1-bit register for signal <rco>.
    Found 1-bit register for signal <x0_last>.
    Found 1-bit register for signal <x1_last>.
    Summary:
	inferred   1 Counter(s).
	inferred   4 D-type flip-flop(s).
	inferred   2 Xor(s).
Unit <trapplyse> synthesized.


=========================================================================
HDL Synthesis Report

Macro Statistics
# Counters                                             : 1
 4-bit down counter                                    : 1
# Registers                                            : 4
 1-bit register                                        : 4
# Latches                                              : 1
 1-bit latch                                           : 1
# Xors                                                 : 2
 1-bit xor2                                            : 2

=========================================================================

=========================================================================
*                       Advanced HDL Synthesis                          *
=========================================================================


=========================================================================
Advanced HDL Synthesis Report

Macro Statistics
# Counters                                             : 1
 4-bit down counter                                    : 1
# Registers                                            : 4
 Flip-Flops                                            : 4
# Latches                                              : 1
 1-bit latch                                           : 1

=========================================================================

=========================================================================
*                         Low Level Synthesis                           *
=========================================================================

Optimizing unit <trapplyse> ...

=========================================================================
*                           Partition Report                            *
=========================================================================

Partition Implementation Status
-------------------------------

  No Partitions were found in this design.

-------------------------------

=========================================================================
*                            Final Report                               *
=========================================================================
Final Results
RTL Top Level Output File Name     : trapplyse.ngr
Top Level Output File Name         : trapplyse
Output Format                      : NGC
Optimization Goal                  : Speed
Keep Hierarchy                     : Yes
Target Technology                  : XC9500 CPLDs
Macro Preserve                     : YES
XOR Preserve                       : YES
wysiwyg                            : NO

Design Statistics
# IOs                              : 9

Cell Usage :
# BELS                             : 56
#      AND2                        : 15
#      AND3                        : 1
#      AND4                        : 1
#      INV                         : 25
#      OR2                         : 9
#      XOR2                        : 5
# FlipFlops/Latches                : 9
#      FDC                         : 3
#      FDP                         : 5
#      LDCP                        : 1
# IO Buffers                       : 9
#      IBUF                        : 4
#      OBUF                        : 5
=========================================================================


Total REAL time to Xst completion: 3.00 secs
Total CPU time to Xst completion: 2.04 secs
 
--> 


Total memory usage is 609232 kilobytes

Number of errors   :    0 (   0 filtered)
Number of warnings :    2 (   0 filtered)
Number of infos    :    0 (   0 filtered)

